2020-04-10 09:47:51.049 [http-nio-10086-exec-7] INFO  com.lz.ht.base.BaseController - /login
2020-04-10 09:47:51.100 [http-nio-10086-exec-7] INFO  com.lz.ht.base.BaseController - /login
2020-04-10 09:47:53.045 [http-nio-10086-exec-7] INFO  com.lz.ht.base.BaseController - /login
2020-04-10 09:47:53.046 [http-nio-10086-exec-7] INFO  com.lz.ht.base.BaseController - /login
2020-04-10 09:47:55.848 [http-nio-10086-exec-4] INFO  com.lz.ht.base.BaseController - /userCenter/personalMsg
2020-04-10 09:47:55.951 [http-nio-10086-exec-4] INFO  com.lz.ht.base.BaseController - /userCenter/personalMsg
2020-04-10 09:47:55.952 [http-nio-10086-exec-1] INFO  com.lz.ht.base.BaseController - /userCenter/personalMsg
2020-04-10 09:47:55.953 [http-nio-10086-exec-1] INFO  com.lz.ht.base.BaseController - /userCenter/personalMsg
2020-04-10 09:47:55.953 [http-nio-10086-exec-6] INFO  com.lz.ht.base.BaseController - /userCenter/personalMsg
2020-04-10 09:47:55.955 [http-nio-10086-exec-10] INFO  com.lz.ht.base.BaseController - /userCenter/personalMsg
2020-04-10 09:47:56.005 [http-nio-10086-exec-6] INFO  com.lz.ht.base.BaseController - /userCenter/personalMsg
2020-04-10 09:47:56.005 [http-nio-10086-exec-10] INFO  com.lz.ht.base.BaseController - /userCenter/personalMsg
2020-04-10 09:48:00.389 [http-nio-10086-exec-2] INFO  com.lz.ht.base.BaseController - /userCenter/personalMsgSublist
2020-04-10 09:48:00.389 [http-nio-10086-exec-2] INFO  com.lz.ht.base.BaseController - /userCenter/personalMsgSublist
2020-04-10 09:48:04.103 [http-nio-10086-exec-7] INFO  com.lz.ht.base.BaseController - /userCenter/personalMsgSublist
2020-04-10 09:48:04.103 [http-nio-10086-exec-7] INFO  com.lz.ht.base.BaseController - /userCenter/personalMsgSublist
2020-04-10 09:48:06.091 [http-nio-10086-exec-8] INFO  com.lz.ht.base.BaseController - /userCenter/personalMsgSublist
2020-04-10 09:48:06.092 [http-nio-10086-exec-8] INFO  com.lz.ht.base.BaseController - /userCenter/personalMsgSublist
2020-04-10 09:48:17.881 [http-nio-10086-exec-6] INFO  com.lz.ht.base.BaseController - /userCenter/sendMsg
2020-04-10 09:48:20.386 [http-nio-10086-exec-2] INFO  com.lz.ht.base.BaseController - /userCenter/personalMsg
2020-04-10 09:48:20.386 [http-nio-10086-exec-2] INFO  com.lz.ht.base.BaseController - /userCenter/personalMsg
2020-04-10 09:48:20.387 [http-nio-10086-exec-10] INFO  com.lz.ht.base.BaseController - /userCenter/personalMsg
2020-04-10 09:48:20.387 [http-nio-10086-exec-10] INFO  com.lz.ht.base.BaseController - /userCenter/personalMsg
2020-04-10 09:48:20.388 [http-nio-10086-exec-3] INFO  com.lz.ht.base.BaseController - /userCenter/personalMsg
2020-04-10 09:48:20.389 [http-nio-10086-exec-7] INFO  com.lz.ht.base.BaseController - /userCenter/personalMsg
2020-04-10 09:48:20.389 [http-nio-10086-exec-3] INFO  com.lz.ht.base.BaseController - /userCenter/personalMsg
2020-04-10 09:48:20.417 [http-nio-10086-exec-7] INFO  com.lz.ht.base.BaseController - /userCenter/personalMsg
2020-04-10 09:48:22.882 [http-nio-10086-exec-8] INFO  com.lz.ht.base.BaseController - /userCenter/personalMsgSublist
2020-04-10 09:48:22.883 [http-nio-10086-exec-8] INFO  com.lz.ht.base.BaseController - /userCenter/personalMsgSublist
2020-04-10 09:48:27.005 [http-nio-10086-exec-7] INFO  com.lz.ht.base.BaseController - /userCenter/personalMsg
2020-04-10 09:48:27.006 [http-nio-10086-exec-7] INFO  com.lz.ht.base.BaseController - /userCenter/personalMsg
2020-04-10 09:48:27.006 [http-nio-10086-exec-10] INFO  com.lz.ht.base.BaseController - /userCenter/personalMsg
2020-04-10 09:48:27.006 [http-nio-10086-exec-10] INFO  com.lz.ht.base.BaseController - /userCenter/personalMsg
2020-04-10 09:48:27.076 [http-nio-10086-exec-6] INFO  com.lz.ht.base.BaseController - /userCenter/personalMsg
2020-04-10 09:48:27.076 [http-nio-10086-exec-6] INFO  com.lz.ht.base.BaseController - /userCenter/personalMsg
2020-04-10 09:48:27.078 [http-nio-10086-exec-1] INFO  com.lz.ht.base.BaseController - /userCenter/personalMsg
2020-04-10 09:48:27.078 [http-nio-10086-exec-1] INFO  com.lz.ht.base.BaseController - /userCenter/personalMsg
2020-04-10 11:05:28.720 [http-nio-10086-exec-4] INFO  com.lz.ht.base.BaseController - /login
2020-04-10 11:05:28.747 [http-nio-10086-exec-4] INFO  com.lz.ht.base.BaseController - /login
2020-04-10 11:05:30.158 [http-nio-10086-exec-4] INFO  com.lz.ht.base.BaseController - /login
2020-04-10 11:05:30.158 [http-nio-10086-exec-4] INFO  com.lz.ht.base.BaseController - /login
2020-04-10 11:05:33.419 [http-nio-10086-exec-8] INFO  com.lz.ht.base.BaseController - /userCenter/personalMsg
2020-04-10 11:05:33.420 [http-nio-10086-exec-7] INFO  com.lz.ht.base.BaseController - /userCenter/personalMsg
2020-04-10 11:05:33.419 [http-nio-10086-exec-1] INFO  com.lz.ht.base.BaseController - /userCenter/personalMsg
2020-04-10 11:05:33.419 [http-nio-10086-exec-4] INFO  com.lz.ht.base.BaseController - /userCenter/personalMsg
2020-04-10 11:05:33.444 [http-nio-10086-exec-4] INFO  com.lz.ht.base.BaseController - /userCenter/personalMsg
2020-04-10 11:05:33.444 [http-nio-10086-exec-1] INFO  com.lz.ht.base.BaseController - /userCenter/personalMsg
2020-04-10 11:05:33.556 [http-nio-10086-exec-7] INFO  com.lz.ht.base.BaseController - /userCenter/personalMsg
2020-04-10 11:05:33.668 [http-nio-10086-exec-8] INFO  com.lz.ht.base.BaseController - /userCenter/personalMsg
2020-04-10 17:07:17.684 [main] INFO  com.lz.ht.CbootApplication - Starting CbootApplication on DESKTOP-QSAOH9M with PID 25252 (D:\workspacests2\cboot\target\classes started by cailun in D:\workspacests2\cboot)
2020-04-10 17:07:17.717 [main] INFO  com.lz.ht.CbootApplication - The following profiles are active: local
2020-04-10 17:07:22.769 [main] INFO  o.s.c.s.PostProcessorRegistrationDelegate$BeanPostProcessorChecker - Bean 'org.apache.shiro.spring.boot.autoconfigure.ShiroBeanAutoConfiguration' of type [org.apache.shiro.spring.boot.autoconfigure.ShiroBeanAutoConfiguration$$EnhancerBySpringCGLIB$$c3423976] is not eligible for getting processed by all BeanPostProcessors (for example: not eligible for auto-proxying)
2020-04-10 17:07:22.893 [main] INFO  o.s.c.s.PostProcessorRegistrationDelegate$BeanPostProcessorChecker - Bean 'org.apache.shiro.spring.boot.autoconfigure.ShiroAnnotationProcessorAutoConfiguration' of type [org.apache.shiro.spring.boot.autoconfigure.ShiroAnnotationProcessorAutoConfiguration$$EnhancerBySpringCGLIB$$c5d5781b] is not eligible for getting processed by all BeanPostProcessors (for example: not eligible for auto-proxying)
2020-04-10 17:07:22.912 [main] INFO  o.s.c.s.PostProcessorRegistrationDelegate$BeanPostProcessorChecker - Bean 'shiroConfig' of type [com.lz.ht.configuration.ShiroConfig$$EnhancerBySpringCGLIB$$948bb9b7] is not eligible for getting processed by all BeanPostProcessors (for example: not eligible for auto-proxying)
2020-04-10 17:07:22.935 [main] INFO  o.s.c.s.PostProcessorRegistrationDelegate$BeanPostProcessorChecker - Bean 'org.springframework.transaction.annotation.ProxyTransactionManagementConfiguration' of type [org.springframework.transaction.annotation.ProxyTransactionManagementConfiguration$$EnhancerBySpringCGLIB$$b0295bc6] is not eligible for getting processed by all BeanPostProcessors (for example: not eligible for auto-proxying)
2020-04-10 17:07:25.129 [main] INFO  o.s.c.s.PostProcessorRegistrationDelegate$BeanPostProcessorChecker - Bean 'mybatis-org.mybatis.spring.boot.autoconfigure.MybatisProperties' of type [org.mybatis.spring.boot.autoconfigure.MybatisProperties] is not eligible for getting processed by all BeanPostProcessors (for example: not eligible for auto-proxying)
2020-04-10 17:07:25.142 [main] INFO  o.s.c.s.PostProcessorRegistrationDelegate$BeanPostProcessorChecker - Bean 'org.mybatis.spring.boot.autoconfigure.MybatisAutoConfiguration' of type [org.mybatis.spring.boot.autoconfigure.MybatisAutoConfiguration$$EnhancerBySpringCGLIB$$e2fdacf6] is not eligible for getting processed by all BeanPostProcessors (for example: not eligible for auto-proxying)
2020-04-10 17:07:25.185 [main] INFO  o.s.c.s.PostProcessorRegistrationDelegate$BeanPostProcessorChecker - Bean 'druidConfig' of type [com.lz.ht.configuration.DruidConfig$$EnhancerBySpringCGLIB$$e9321d28] is not eligible for getting processed by all BeanPostProcessors (for example: not eligible for auto-proxying)
2020-04-10 17:07:26.193 [main] INFO  com.alibaba.druid.pool.DruidDataSource - {dataSource-1} inited
2020-04-10 17:07:26.193 [main] INFO  o.s.c.s.PostProcessorRegistrationDelegate$BeanPostProcessorChecker - Bean 'dataSource' of type [com.alibaba.druid.pool.DruidDataSource] is not eligible for getting processed by all BeanPostProcessors (for example: not eligible for auto-proxying)
2020-04-10 17:07:26.217 [main] INFO  o.s.c.s.PostProcessorRegistrationDelegate$BeanPostProcessorChecker - Bean 'spring.datasource-org.springframework.boot.autoconfigure.jdbc.DataSourceProperties' of type [org.springframework.boot.autoconfigure.jdbc.DataSourceProperties] is not eligible for getting processed by all BeanPostProcessors (for example: not eligible for auto-proxying)
2020-04-10 17:07:26.223 [main] INFO  o.s.c.s.PostProcessorRegistrationDelegate$BeanPostProcessorChecker - Bean 'org.springframework.boot.autoconfigure.jdbc.DataSourceInitializerInvoker' of type [org.springframework.boot.autoconfigure.jdbc.DataSourceInitializerInvoker] is not eligible for getting processed by all BeanPostProcessors (for example: not eligible for auto-proxying)
2020-04-10 17:07:26.973 [main] INFO  o.s.c.s.PostProcessorRegistrationDelegate$BeanPostProcessorChecker - Bean 'sqlSessionFactory' of type [org.apache.ibatis.session.defaults.DefaultSqlSessionFactory] is not eligible for getting processed by all BeanPostProcessors (for example: not eligible for auto-proxying)
2020-04-10 17:07:27.013 [main] INFO  o.s.c.s.PostProcessorRegistrationDelegate$BeanPostProcessorChecker - Bean 'sqlSessionTemplate' of type [org.mybatis.spring.SqlSessionTemplate] is not eligible for getting processed by all BeanPostProcessors (for example: not eligible for auto-proxying)
2020-04-10 17:07:27.014 [main] INFO  o.s.c.s.PostProcessorRegistrationDelegate$BeanPostProcessorChecker - Bean 'userRoleMapper' of type [org.mybatis.spring.mapper.MapperFactoryBean] is not eligible for getting processed by all BeanPostProcessors (for example: not eligible for auto-proxying)
2020-04-10 17:07:27.016 [main] INFO  o.s.c.s.PostProcessorRegistrationDelegate$BeanPostProcessorChecker - Bean 'userRoleMapper' of type [com.sun.proxy.$Proxy64] is not eligible for getting processed by all BeanPostProcessors (for example: not eligible for auto-proxying)
2020-04-10 17:07:27.019 [main] INFO  o.s.c.s.PostProcessorRegistrationDelegate$BeanPostProcessorChecker - Bean 'userRoleServiceImpl' of type [com.lz.ht.service.serviceImpl.UserRoleServiceImpl] is not eligible for getting processed by all BeanPostProcessors (for example: not eligible for auto-proxying)
2020-04-10 17:07:27.028 [main] INFO  o.s.c.s.PostProcessorRegistrationDelegate$BeanPostProcessorChecker - Bean 'roleResourcesMapper' of type [org.mybatis.spring.mapper.MapperFactoryBean] is not eligible for getting processed by all BeanPostProcessors (for example: not eligible for auto-proxying)
2020-04-10 17:07:27.030 [main] INFO  o.s.c.s.PostProcessorRegistrationDelegate$BeanPostProcessorChecker - Bean 'roleResourcesMapper' of type [com.sun.proxy.$Proxy67] is not eligible for getting processed by all BeanPostProcessors (for example: not eligible for auto-proxying)
2020-04-10 17:07:27.030 [main] INFO  o.s.c.s.PostProcessorRegistrationDelegate$BeanPostProcessorChecker - Bean 'roleResourcesServiceImpl' of type [com.lz.ht.service.serviceImpl.RoleResourcesServiceImpl] is not eligible for getting processed by all BeanPostProcessors (for example: not eligible for auto-proxying)
2020-04-10 17:07:27.040 [main] INFO  o.s.c.s.PostProcessorRegistrationDelegate$BeanPostProcessorChecker - Bean 'userMapper' of type [org.mybatis.spring.mapper.MapperFactoryBean] is not eligible for getting processed by all BeanPostProcessors (for example: not eligible for auto-proxying)
2020-04-10 17:07:27.042 [main] INFO  o.s.c.s.PostProcessorRegistrationDelegate$BeanPostProcessorChecker - Bean 'userMapper' of type [com.sun.proxy.$Proxy68] is not eligible for getting processed by all BeanPostProcessors (for example: not eligible for auto-proxying)
2020-04-10 17:07:27.044 [main] INFO  o.s.c.s.PostProcessorRegistrationDelegate$BeanPostProcessorChecker - Bean 'userServiceImpl' of type [com.lz.ht.service.serviceImpl.UserServiceImpl] is not eligible for getting processed by all BeanPostProcessors (for example: not eligible for auto-proxying)
2020-04-10 17:07:27.062 [main] INFO  com.lz.ht.configuration.DruidConfig - -------------SqlMapper ------------
2020-04-10 17:07:27.062 [main] INFO  o.s.c.s.PostProcessorRegistrationDelegate$BeanPostProcessorChecker - Bean 'sqlMapper' of type [com.github.abel533.sql.SqlMapper] is not eligible for getting processed by all BeanPostProcessors (for example: not eligible for auto-proxying)
2020-04-10 17:07:27.063 [main] INFO  o.s.c.s.PostProcessorRegistrationDelegate$BeanPostProcessorChecker - Bean 'customRealm' of type [com.lz.ht.realm.CustomRealm] is not eligible for getting processed by all BeanPostProcessors (for example: not eligible for auto-proxying)
2020-04-10 17:07:27.064 [main] INFO  o.s.c.s.PostProcessorRegistrationDelegate$BeanPostProcessorChecker - Bean 'securityManager' of type [org.apache.shiro.web.mgt.DefaultWebSecurityManager] is not eligible for getting processed by all BeanPostProcessors (for example: not eligible for auto-proxying)
2020-04-10 17:07:27.088 [main] INFO  o.s.c.s.PostProcessorRegistrationDelegate$BeanPostProcessorChecker - Bean 'authorizationAttributeSourceAdvisor' of type [org.apache.shiro.spring.security.interceptor.AuthorizationAttributeSourceAdvisor] is not eligible for getting processed by all BeanPostProcessors (for example: not eligible for auto-proxying)
2020-04-10 17:07:27.202 [main] INFO  o.s.c.s.PostProcessorRegistrationDelegate$BeanPostProcessorChecker - Bean 'eventBus' of type [org.apache.shiro.event.support.DefaultEventBus] is not eligible for getting processed by all BeanPostProcessors (for example: not eligible for auto-proxying)
2020-04-10 17:07:28.012 [main] INFO  o.s.boot.web.embedded.tomcat.TomcatWebServer - Tomcat initialized with port(s): 10086 (http)
2020-04-10 17:07:28.089 [main] INFO  org.apache.coyote.http11.Http11NioProtocol - Initializing ProtocolHandler ["http-nio-10086"]
2020-04-10 17:07:28.431 [main] INFO  org.apache.catalina.core.StandardService - Starting service [Tomcat]
2020-04-10 17:07:28.431 [main] INFO  org.apache.catalina.core.StandardEngine - Starting Servlet engine: [Apache Tomcat/9.0.22]
2020-04-10 17:07:28.799 [main] INFO  o.a.c.core.ContainerBase.[Tomcat].[localhost].[/] - Initializing Spring embedded WebApplicationContext
2020-04-10 17:07:28.799 [main] INFO  org.springframework.web.context.ContextLoader - Root WebApplicationContext: initialization completed in 10797 ms
2020-04-10 17:07:29.674 [main] INFO  o.s.boot.web.servlet.RegistrationBean - Filter webStatFilter was not registered (possibly already registered?)
2020-04-10 17:07:29.685 [main] INFO  o.s.boot.web.servlet.RegistrationBean - Servlet statViewServlet was not registered (possibly already registered?)
2020-04-10 17:07:30.349 [main] INFO  com.lz.ht.constant.SysConstant - ***********SYSTEM_CONFIGS***********
2020-04-10 17:07:30.350 [main] INFO  com.lz.ht.constant.SysConstant - [com.lz.ht.model.SysConfig@749d7c01]
2020-04-10 17:07:30.350 [main] INFO  com.lz.ht.constant.SysConstant - ***********SYSTEM_CONFIGS***********
2020-04-10 17:07:30.729 [main] INFO  org.quartz.impl.StdSchedulerFactory - Using default implementation for ThreadExecutor
2020-04-10 17:07:30.736 [main] INFO  org.quartz.simpl.SimpleThreadPool - Job execution threads will use class loader of thread: main
2020-04-10 17:07:30.767 [main] INFO  org.quartz.core.SchedulerSignalerImpl - Initialized Scheduler Signaller of type: class org.quartz.core.SchedulerSignalerImpl
2020-04-10 17:07:30.768 [main] INFO  org.quartz.core.QuartzScheduler - Quartz Scheduler v.2.3.1 created.
2020-04-10 17:07:30.769 [main] INFO  org.quartz.simpl.RAMJobStore - RAMJobStore initialized.
2020-04-10 17:07:30.770 [main] INFO  org.quartz.core.QuartzScheduler - Scheduler meta-data: Quartz Scheduler (v2.3.1) 'DefaultQuartzScheduler' with instanceId 'NON_CLUSTERED'
  Scheduler class: 'org.quartz.core.QuartzScheduler' - running locally.
  NOT STARTED.
  Currently in standby mode.
  Number of jobs executed: 0
  Using thread pool 'org.quartz.simpl.SimpleThreadPool' - with 10 threads.
  Using job-store 'org.quartz.simpl.RAMJobStore' - which does not support persistence. and is not clustered.

2020-04-10 17:07:30.770 [main] INFO  org.quartz.impl.StdSchedulerFactory - Quartz scheduler 'DefaultQuartzScheduler' initialized from default resource file in Quartz package: 'quartz.properties'
2020-04-10 17:07:30.770 [main] INFO  org.quartz.impl.StdSchedulerFactory - Quartz scheduler version: 2.3.1
2020-04-10 17:07:31.271 [main] INFO  o.s.scheduling.concurrent.ThreadPoolTaskExecutor - Initializing ExecutorService 'applicationTaskExecutor'
2020-04-10 17:07:32.578 [main] INFO  org.quartz.impl.StdSchedulerFactory - Using default implementation for ThreadExecutor
2020-04-10 17:07:32.579 [main] INFO  org.quartz.core.SchedulerSignalerImpl - Initialized Scheduler Signaller of type: class org.quartz.core.SchedulerSignalerImpl
2020-04-10 17:07:32.580 [main] INFO  org.quartz.core.QuartzScheduler - Quartz Scheduler v.2.3.1 created.
2020-04-10 17:07:32.580 [main] INFO  org.quartz.simpl.RAMJobStore - RAMJobStore initialized.
2020-04-10 17:07:32.580 [main] INFO  org.quartz.core.QuartzScheduler - Scheduler meta-data: Quartz Scheduler (v2.3.1) 'quartzScheduler' with instanceId 'NON_CLUSTERED'
  Scheduler class: 'org.quartz.core.QuartzScheduler' - running locally.
  NOT STARTED.
  Currently in standby mode.
  Number of jobs executed: 0
  Using thread pool 'org.quartz.simpl.SimpleThreadPool' - with 10 threads.
  Using job-store 'org.quartz.simpl.RAMJobStore' - which does not support persistence. and is not clustered.

2020-04-10 17:07:32.580 [main] INFO  org.quartz.impl.StdSchedulerFactory - Quartz scheduler 'quartzScheduler' initialized from an externally provided properties instance.
2020-04-10 17:07:32.580 [main] INFO  org.quartz.impl.StdSchedulerFactory - Quartz scheduler version: 2.3.1
2020-04-10 17:07:32.580 [main] INFO  org.quartz.core.QuartzScheduler - JobFactory set to: org.springframework.scheduling.quartz.SpringBeanJobFactory@7d156f8f
2020-04-10 17:07:32.662 [main] INFO  o.s.b.actuate.endpoint.web.EndpointLinksResolver - Exposing 2 endpoint(s) beneath base path '/actuator'
2020-04-10 17:07:32.751 [main] INFO  o.s.scheduling.quartz.SchedulerFactoryBean - Starting Quartz Scheduler now
2020-04-10 17:07:32.752 [main] INFO  org.quartz.core.QuartzScheduler - Scheduler quartzScheduler_$_NON_CLUSTERED started.
2020-04-10 17:07:32.809 [main] INFO  org.apache.coyote.http11.Http11NioProtocol - Starting ProtocolHandler ["http-nio-10086"]
2020-04-10 17:07:33.097 [main] INFO  o.s.boot.web.embedded.tomcat.TomcatWebServer - Tomcat started on port(s): 10086 (http) with context path ''
2020-04-10 17:07:33.101 [main] INFO  com.lz.ht.CbootApplication - Started CbootApplication in 17.293 seconds (JVM running for 19.38)
2020-04-10 17:07:39.329 [http-nio-10086-exec-1] INFO  o.a.c.core.ContainerBase.[Tomcat].[localhost].[/] - Initializing Spring DispatcherServlet 'dispatcherServlet'
2020-04-10 17:07:39.330 [http-nio-10086-exec-1] INFO  org.springframework.web.servlet.DispatcherServlet - Initializing Servlet 'dispatcherServlet'
2020-04-10 17:07:39.350 [http-nio-10086-exec-1] INFO  org.springframework.web.servlet.DispatcherServlet - Completed initialization in 20 ms
2020-04-10 17:07:45.835 [http-nio-10086-exec-6] INFO  com.lz.ht.base.BaseController - /login
2020-04-10 17:07:45.836 [http-nio-10086-exec-6] INFO  com.lz.ht.base.BaseController - /login
2020-04-10 17:07:46.189 [http-nio-10086-exec-6] INFO  com.lz.ht.base.BaseController - /login
2020-04-10 17:07:46.192 [http-nio-10086-exec-6] INFO  com.lz.ht.base.BaseController - /login
2020-04-10 17:07:49.174 [http-nio-10086-exec-10] INFO  com.lz.ht.base.BaseController - /role/list
2020-04-10 17:07:49.217 [http-nio-10086-exec-10] INFO  com.lz.ht.base.BaseController - /role/list
2020-04-10 17:07:51.318 [http-nio-10086-exec-1] INFO  com.lz.ht.base.BaseController - /role/list
2020-04-10 17:07:51.318 [http-nio-10086-exec-1] INFO  com.lz.ht.base.BaseController - /role/list
2020-04-10 17:07:54.107 [http-nio-10086-exec-5] INFO  com.lz.ht.base.BaseController - /role/roleResource
2020-04-10 17:08:08.855 [http-nio-10086-exec-1] INFO  com.lz.ht.base.BaseController - /role/roleResource
2020-04-10 17:08:08.856 [http-nio-10086-exec-1] INFO  com.lz.ht.base.BaseController - /role/roleResource
2020-04-10 17:08:08.856 [http-nio-10086-exec-1] INFO  com.lz.ht.controller.RoleController - 1##1007##1007001##1007002##1007003##1007004##1001##1001001##1001002##1001003##1003##1003001##1003002##1003003##1004##1004001##1004002##1004003##1004004##1006##1006001##1006002##1006003##3##1009##1011##1012##1013##2##1008##1008001##1008002##4##4001##4001001##4001002##4001003
2020-04-10 17:08:08.856 [http-nio-10086-exec-1] INFO  com.lz.ht.controller.RoleController - 1
2020-04-10 17:08:18.637 [http-nio-10086-exec-2] INFO  com.lz.ht.base.BaseController - /login
2020-04-10 17:08:18.638 [http-nio-10086-exec-2] INFO  com.lz.ht.base.BaseController - /login
2020-04-10 17:08:18.680 [http-nio-10086-exec-2] INFO  com.lz.ht.base.BaseController - /login
2020-04-10 17:08:18.681 [http-nio-10086-exec-2] INFO  com.lz.ht.base.BaseController - /login
2020-04-10 17:08:20.974 [http-nio-10086-exec-6] INFO  com.lz.ht.base.BaseController - /orgnews/list
2020-04-10 17:08:20.979 [http-nio-10086-exec-6] INFO  com.lz.ht.base.BaseController - /orgnews/list
2020-04-10 17:08:23.364 [http-nio-10086-exec-3] INFO  com.lz.ht.base.BaseController - /orgnews/add
2020-04-10 17:08:29.158 [http-nio-10086-exec-10] INFO  com.lz.ht.base.BaseController - /orgnews/add
2020-04-10 17:08:55.320 [http-nio-10086-exec-2] INFO  com.lz.ht.base.BaseController - /orgnews/add
2020-04-10 17:08:55.329 [http-nio-10086-exec-5] INFO  com.lz.ht.base.BaseController - /orgnews/add
2020-04-10 17:08:57.670 [http-nio-10086-exec-6] INFO  com.lz.ht.base.BaseController - /orgnews/list
2020-04-10 17:08:57.672 [http-nio-10086-exec-6] INFO  com.lz.ht.base.BaseController - /orgnews/list
2020-04-10 17:09:14.025 [http-nio-10086-exec-3] INFO  com.lz.ht.base.BaseController - /orgnews/add
2020-04-10 17:09:42.499 [http-nio-10086-exec-7] INFO  com.lz.ht.base.BaseController - /orgnews/add
2020-04-10 17:09:42.502 [http-nio-10086-exec-8] INFO  com.lz.ht.base.BaseController - /orgnews/add
2020-04-10 17:09:47.875 [http-nio-10086-exec-10] INFO  com.lz.ht.base.BaseController - /orgnews/list
2020-04-10 17:09:47.876 [http-nio-10086-exec-10] INFO  com.lz.ht.base.BaseController - /orgnews/list
2020-04-10 17:09:51.432 [http-nio-10086-exec-1] INFO  com.lz.ht.base.BaseController - /orgnews/update
2020-04-10 17:09:51.437 [http-nio-10086-exec-1] INFO  com.lz.ht.base.BaseController - /orgnews/update
2020-04-10 17:09:58.985 [http-nio-10086-exec-4] INFO  com.lz.ht.base.BaseController - /orgnews/delete
2020-04-10 17:10:00.569 [http-nio-10086-exec-9] INFO  com.lz.ht.base.BaseController - /orgnews/list
2020-04-10 17:10:00.570 [http-nio-10086-exec-9] INFO  com.lz.ht.base.BaseController - /orgnews/list
2020-04-10 17:10:01.038 [http-nio-10086-exec-5] INFO  com.lz.ht.base.BaseController - /orgnews/list
2020-04-10 17:10:01.039 [http-nio-10086-exec-5] INFO  com.lz.ht.base.BaseController - /orgnews/list
2020-04-10 17:10:01.209 [http-nio-10086-exec-2] INFO  com.lz.ht.base.BaseController - /orgnews/list
2020-04-10 17:10:01.210 [http-nio-10086-exec-2] INFO  com.lz.ht.base.BaseController - /orgnews/list
2020-04-10 17:10:01.369 [http-nio-10086-exec-6] INFO  com.lz.ht.base.BaseController - /orgnews/list
2020-04-10 17:10:01.369 [http-nio-10086-exec-6] INFO  com.lz.ht.base.BaseController - /orgnews/list
2020-04-10 17:30:02.245 [http-nio-10086-exec-10] INFO  com.lz.ht.base.BaseController - /orgnews/list
2020-04-10 17:30:02.246 [http-nio-10086-exec-10] INFO  com.lz.ht.base.BaseController - /orgnews/list
2020-04-10 17:30:07.005 [http-nio-10086-exec-4] INFO  com.lz.ht.base.BaseController - /orgnews/list
2020-04-10 17:30:07.006 [http-nio-10086-exec-4] INFO  com.lz.ht.base.BaseController - /orgnews/list
2020-04-10 17:30:14.327 [http-nio-10086-exec-9] INFO  com.lz.ht.base.BaseController - /orgnews/add
2020-04-10 17:30:42.300 [http-nio-10086-exec-5] INFO  com.lz.ht.base.BaseController - /orgnews/add
2020-04-10 17:31:11.949 [http-nio-10086-exec-6] INFO  com.lz.ht.base.BaseController - /userCenter/personalMsg
2020-04-10 17:31:11.949 [http-nio-10086-exec-6] INFO  com.lz.ht.base.BaseController - /userCenter/personalMsg
2020-04-10 17:31:11.949 [http-nio-10086-exec-3] INFO  com.lz.ht.base.BaseController - /userCenter/personalMsg
2020-04-10 17:31:11.949 [http-nio-10086-exec-3] INFO  com.lz.ht.base.BaseController - /userCenter/personalMsg
2020-04-10 17:31:11.955 [http-nio-10086-exec-8] INFO  com.lz.ht.base.BaseController - /userCenter/personalMsg
2020-04-10 17:31:11.957 [http-nio-10086-exec-7] INFO  com.lz.ht.base.BaseController - /userCenter/personalMsg
2020-04-10 17:31:11.975 [http-nio-10086-exec-8] INFO  com.lz.ht.base.BaseController - /userCenter/personalMsg
2020-04-10 17:31:11.983 [http-nio-10086-exec-7] INFO  com.lz.ht.base.BaseController - /userCenter/personalMsg
2020-04-10 17:31:13.744 [http-nio-10086-exec-10] INFO  com.lz.ht.base.BaseController - /userCenter/userInfo
2020-04-10 17:31:13.744 [http-nio-10086-exec-10] INFO  com.lz.ht.base.BaseController - /userCenter/userInfo
2020-04-10 17:31:22.302 [http-nio-10086-exec-2] INFO  com.lz.ht.base.BaseController - /orgnews/list
2020-04-10 17:31:22.303 [http-nio-10086-exec-2] INFO  com.lz.ht.base.BaseController - /orgnews/list
2020-04-10 17:31:28.227 [http-nio-10086-exec-6] INFO  com.lz.ht.base.BaseController - /orgnews/add
2020-04-10 17:31:35.396 [http-nio-10086-exec-8] INFO  com.lz.ht.base.BaseController - /orgnews/list
2020-04-10 17:31:35.397 [http-nio-10086-exec-8] INFO  com.lz.ht.base.BaseController - /orgnews/list
2020-04-10 17:32:33.463 [http-nio-10086-exec-4] INFO  com.lz.ht.base.BaseController - /orgnews/add
