2020-11-06 20:17:46.038 [main] INFO  com.lz.ht.CbootApplication - Starting CbootApplication on LAPTOP-Q6GNFRK0 with PID 20288 (D:\github-yuanma\cboot\cboot\target\classes started by cc in D:\github-yuanma\cboot\cboot)
2020-11-06 20:17:46.040 [main] INFO  com.lz.ht.CbootApplication - No active profile set, falling back to default profiles: default
2020-11-06 20:17:47.193 [main] INFO  o.s.c.s.PostProcessorRegistrationDelegate$BeanPostProcessorChecker - Bean 'org.apache.shiro.spring.boot.autoconfigure.ShiroBeanAutoConfiguration' of type [org.apache.shiro.spring.boot.autoconfigure.ShiroBeanAutoConfiguration$$EnhancerBySpringCGLIB$$f11c6182] is not eligible for getting processed by all BeanPostProcessors (for example: not eligible for auto-proxying)
2020-11-06 20:17:47.231 [main] INFO  o.s.c.s.PostProcessorRegistrationDelegate$BeanPostProcessorChecker - Bean 'org.apache.shiro.spring.boot.autoconfigure.ShiroAnnotationProcessorAutoConfiguration' of type [org.apache.shiro.spring.boot.autoconfigure.ShiroAnnotationProcessorAutoConfiguration$$EnhancerBySpringCGLIB$$f3afa027] is not eligible for getting processed by all BeanPostProcessors (for example: not eligible for auto-proxying)
2020-11-06 20:17:47.237 [main] INFO  o.s.c.s.PostProcessorRegistrationDelegate$BeanPostProcessorChecker - Bean 'shiroConfig' of type [com.lz.ht.configuration.ShiroConfig$$EnhancerBySpringCGLIB$$c265e1c3] is not eligible for getting processed by all BeanPostProcessors (for example: not eligible for auto-proxying)
2020-11-06 20:17:47.246 [main] INFO  o.s.c.s.PostProcessorRegistrationDelegate$BeanPostProcessorChecker - Bean 'org.springframework.transaction.annotation.ProxyTransactionManagementConfiguration' of type [org.springframework.transaction.annotation.ProxyTransactionManagementConfiguration$$EnhancerBySpringCGLIB$$de0383d2] is not eligible for getting processed by all BeanPostProcessors (for example: not eligible for auto-proxying)
2020-11-06 20:17:47.779 [main] INFO  o.s.c.s.PostProcessorRegistrationDelegate$BeanPostProcessorChecker - Bean 'druidConfig' of type [com.lz.ht.configuration.DruidConfig$$EnhancerBySpringCGLIB$$170c4534] is not eligible for getting processed by all BeanPostProcessors (for example: not eligible for auto-proxying)
2020-11-06 20:17:47.848 [main] INFO  o.s.c.s.PostProcessorRegistrationDelegate$BeanPostProcessorChecker - Bean 'mybatis-org.mybatis.spring.boot.autoconfigure.MybatisProperties' of type [org.mybatis.spring.boot.autoconfigure.MybatisProperties] is not eligible for getting processed by all BeanPostProcessors (for example: not eligible for auto-proxying)
2020-11-06 20:17:47.858 [main] INFO  o.s.c.s.PostProcessorRegistrationDelegate$BeanPostProcessorChecker - Bean 'org.mybatis.spring.boot.autoconfigure.MybatisAutoConfiguration' of type [org.mybatis.spring.boot.autoconfigure.MybatisAutoConfiguration$$EnhancerBySpringCGLIB$$10d7d502] is not eligible for getting processed by all BeanPostProcessors (for example: not eligible for auto-proxying)
2020-11-06 20:17:48.275 [main] INFO  com.alibaba.druid.pool.DruidDataSource - {dataSource-1} inited
2020-11-06 20:17:48.275 [main] INFO  o.s.c.s.PostProcessorRegistrationDelegate$BeanPostProcessorChecker - Bean 'dataSource' of type [com.alibaba.druid.pool.DruidDataSource] is not eligible for getting processed by all BeanPostProcessors (for example: not eligible for auto-proxying)
2020-11-06 20:17:48.282 [main] INFO  o.s.c.s.PostProcessorRegistrationDelegate$BeanPostProcessorChecker - Bean 'spring.datasource-org.springframework.boot.autoconfigure.jdbc.DataSourceProperties' of type [org.springframework.boot.autoconfigure.jdbc.DataSourceProperties] is not eligible for getting processed by all BeanPostProcessors (for example: not eligible for auto-proxying)
2020-11-06 20:17:48.285 [main] INFO  o.s.c.s.PostProcessorRegistrationDelegate$BeanPostProcessorChecker - Bean 'org.springframework.boot.autoconfigure.jdbc.DataSourceInitializerInvoker' of type [org.springframework.boot.autoconfigure.jdbc.DataSourceInitializerInvoker] is not eligible for getting processed by all BeanPostProcessors (for example: not eligible for auto-proxying)
2020-11-06 20:17:48.519 [main] INFO  o.s.c.s.PostProcessorRegistrationDelegate$BeanPostProcessorChecker - Bean 'sqlSessionFactory' of type [org.apache.ibatis.session.defaults.DefaultSqlSessionFactory] is not eligible for getting processed by all BeanPostProcessors (for example: not eligible for auto-proxying)
2020-11-06 20:17:48.523 [main] INFO  o.s.c.s.PostProcessorRegistrationDelegate$BeanPostProcessorChecker - Bean 'sqlSessionTemplate' of type [org.mybatis.spring.SqlSessionTemplate] is not eligible for getting processed by all BeanPostProcessors (for example: not eligible for auto-proxying)
2020-11-06 20:17:48.525 [main] INFO  com.lz.ht.configuration.DruidConfig - -------------SqlMapper ------------
2020-11-06 20:17:48.525 [main] INFO  o.s.c.s.PostProcessorRegistrationDelegate$BeanPostProcessorChecker - Bean 'sqlMapper' of type [com.github.abel533.sql.SqlMapper] is not eligible for getting processed by all BeanPostProcessors (for example: not eligible for auto-proxying)
2020-11-06 20:17:48.534 [main] INFO  o.s.c.s.PostProcessorRegistrationDelegate$BeanPostProcessorChecker - Bean 'roleResourcesMapper' of type [org.mybatis.spring.mapper.MapperFactoryBean] is not eligible for getting processed by all BeanPostProcessors (for example: not eligible for auto-proxying)
2020-11-06 20:17:48.536 [main] INFO  o.s.c.s.PostProcessorRegistrationDelegate$BeanPostProcessorChecker - Bean 'roleResourcesMapper' of type [com.sun.proxy.$Proxy64] is not eligible for getting processed by all BeanPostProcessors (for example: not eligible for auto-proxying)
2020-11-06 20:17:48.538 [main] INFO  o.s.c.s.PostProcessorRegistrationDelegate$BeanPostProcessorChecker - Bean 'roleResourcesServiceImpl' of type [com.lz.ht.service.serviceImpl.RoleResourcesServiceImpl] is not eligible for getting processed by all BeanPostProcessors (for example: not eligible for auto-proxying)
2020-11-06 20:17:48.543 [main] INFO  o.s.c.s.PostProcessorRegistrationDelegate$BeanPostProcessorChecker - Bean 'userRoleMapper' of type [org.mybatis.spring.mapper.MapperFactoryBean] is not eligible for getting processed by all BeanPostProcessors (for example: not eligible for auto-proxying)
2020-11-06 20:17:48.543 [main] INFO  o.s.c.s.PostProcessorRegistrationDelegate$BeanPostProcessorChecker - Bean 'userRoleMapper' of type [com.sun.proxy.$Proxy67] is not eligible for getting processed by all BeanPostProcessors (for example: not eligible for auto-proxying)
2020-11-06 20:17:48.544 [main] INFO  o.s.c.s.PostProcessorRegistrationDelegate$BeanPostProcessorChecker - Bean 'userRoleServiceImpl' of type [com.lz.ht.service.serviceImpl.UserRoleServiceImpl] is not eligible for getting processed by all BeanPostProcessors (for example: not eligible for auto-proxying)
2020-11-06 20:17:48.549 [main] INFO  o.s.c.s.PostProcessorRegistrationDelegate$BeanPostProcessorChecker - Bean 'userMapper' of type [org.mybatis.spring.mapper.MapperFactoryBean] is not eligible for getting processed by all BeanPostProcessors (for example: not eligible for auto-proxying)
2020-11-06 20:17:48.550 [main] INFO  o.s.c.s.PostProcessorRegistrationDelegate$BeanPostProcessorChecker - Bean 'userMapper' of type [com.sun.proxy.$Proxy68] is not eligible for getting processed by all BeanPostProcessors (for example: not eligible for auto-proxying)
2020-11-06 20:17:48.551 [main] INFO  o.s.c.s.PostProcessorRegistrationDelegate$BeanPostProcessorChecker - Bean 'userServiceImpl' of type [com.lz.ht.service.serviceImpl.UserServiceImpl] is not eligible for getting processed by all BeanPostProcessors (for example: not eligible for auto-proxying)
2020-11-06 20:17:48.552 [main] INFO  o.s.c.s.PostProcessorRegistrationDelegate$BeanPostProcessorChecker - Bean 'customRealm' of type [com.lz.ht.realm.CustomRealm] is not eligible for getting processed by all BeanPostProcessors (for example: not eligible for auto-proxying)
2020-11-06 20:17:48.555 [main] INFO  o.s.c.s.PostProcessorRegistrationDelegate$BeanPostProcessorChecker - Bean 'securityManager' of type [org.apache.shiro.web.mgt.DefaultWebSecurityManager] is not eligible for getting processed by all BeanPostProcessors (for example: not eligible for auto-proxying)
2020-11-06 20:17:48.562 [main] INFO  o.s.c.s.PostProcessorRegistrationDelegate$BeanPostProcessorChecker - Bean 'authorizationAttributeSourceAdvisor' of type [org.apache.shiro.spring.security.interceptor.AuthorizationAttributeSourceAdvisor] is not eligible for getting processed by all BeanPostProcessors (for example: not eligible for auto-proxying)
2020-11-06 20:17:48.582 [main] INFO  o.s.c.s.PostProcessorRegistrationDelegate$BeanPostProcessorChecker - Bean 'eventBus' of type [org.apache.shiro.event.support.DefaultEventBus] is not eligible for getting processed by all BeanPostProcessors (for example: not eligible for auto-proxying)
2020-11-06 20:17:48.836 [main] INFO  o.s.boot.web.embedded.tomcat.TomcatWebServer - Tomcat initialized with port(s): 8082 (http)
2020-11-06 20:17:48.859 [main] INFO  org.apache.coyote.http11.Http11NioProtocol - Initializing ProtocolHandler ["http-nio-8082"]
2020-11-06 20:17:49.146 [main] INFO  org.apache.catalina.core.StandardService - Starting service [Tomcat]
2020-11-06 20:17:49.146 [main] INFO  org.apache.catalina.core.StandardEngine - Starting Servlet engine: [Apache Tomcat/9.0.22]
2020-11-06 20:17:49.154 [main] INFO  org.apache.catalina.core.AprLifecycleListener - Loaded APR based Apache Tomcat Native library [1.2.24] using APR version [1.7.0].
2020-11-06 20:17:49.154 [main] INFO  org.apache.catalina.core.AprLifecycleListener - APR capabilities: IPv6 [true], sendfile [true], accept filters [false], random [true].
2020-11-06 20:17:49.154 [main] INFO  org.apache.catalina.core.AprLifecycleListener - APR/OpenSSL configuration: useAprConnector [false], useOpenSSL [true]
2020-11-06 20:17:49.173 [main] INFO  org.apache.catalina.core.AprLifecycleListener - OpenSSL successfully initialized [OpenSSL 1.1.1g  21 Apr 2020]
2020-11-06 20:17:49.349 [main] INFO  o.a.c.core.ContainerBase.[Tomcat].[localhost].[/] - Initializing Spring embedded WebApplicationContext
2020-11-06 20:17:49.349 [main] INFO  org.springframework.web.context.ContextLoader - Root WebApplicationContext: initialization completed in 3247 ms
2020-11-06 20:17:49.680 [main] INFO  o.s.boot.web.servlet.RegistrationBean - Filter webStatFilter was not registered (possibly already registered?)
2020-11-06 20:17:49.684 [main] INFO  o.s.boot.web.servlet.RegistrationBean - Servlet statViewServlet was not registered (possibly already registered?)
2020-11-06 20:17:49.855 [main] INFO  com.lz.ht.constant.SysConstant - ***********SYSTEM_CONFIGS***********
2020-11-06 20:17:49.855 [main] INFO  com.lz.ht.constant.SysConstant - [com.lz.ht.model.SysConfig@1983b48a, com.lz.ht.model.SysConfig@629a9f26]
2020-11-06 20:17:49.855 [main] INFO  com.lz.ht.constant.SysConstant - ***********SYSTEM_CONFIGS***********
2020-11-06 20:17:50.005 [main] INFO  org.quartz.impl.StdSchedulerFactory - Using default implementation for ThreadExecutor
2020-11-06 20:17:50.009 [main] INFO  org.quartz.simpl.SimpleThreadPool - Job execution threads will use class loader of thread: main
2020-11-06 20:17:50.017 [main] INFO  org.quartz.core.SchedulerSignalerImpl - Initialized Scheduler Signaller of type: class org.quartz.core.SchedulerSignalerImpl
2020-11-06 20:17:50.017 [main] INFO  org.quartz.core.QuartzScheduler - Quartz Scheduler v.2.3.1 created.
2020-11-06 20:17:50.017 [main] INFO  org.quartz.simpl.RAMJobStore - RAMJobStore initialized.
2020-11-06 20:17:50.018 [main] INFO  org.quartz.core.QuartzScheduler - Scheduler meta-data: Quartz Scheduler (v2.3.1) 'DefaultQuartzScheduler' with instanceId 'NON_CLUSTERED'
  Scheduler class: 'org.quartz.core.QuartzScheduler' - running locally.
  NOT STARTED.
  Currently in standby mode.
  Number of jobs executed: 0
  Using thread pool 'org.quartz.simpl.SimpleThreadPool' - with 10 threads.
  Using job-store 'org.quartz.simpl.RAMJobStore' - which does not support persistence. and is not clustered.

2020-11-06 20:17:50.018 [main] INFO  org.quartz.impl.StdSchedulerFactory - Quartz scheduler 'DefaultQuartzScheduler' initialized from default resource file in Quartz package: 'quartz.properties'
2020-11-06 20:17:50.018 [main] INFO  org.quartz.impl.StdSchedulerFactory - Quartz scheduler version: 2.3.1
2020-11-06 20:17:50.176 [main] INFO  o.s.scheduling.concurrent.ThreadPoolTaskExecutor - Initializing ExecutorService 'applicationTaskExecutor'
2020-11-06 20:17:50.635 [main] INFO  org.quartz.impl.StdSchedulerFactory - Using default implementation for ThreadExecutor
2020-11-06 20:17:50.636 [main] INFO  org.quartz.core.SchedulerSignalerImpl - Initialized Scheduler Signaller of type: class org.quartz.core.SchedulerSignalerImpl
2020-11-06 20:17:50.636 [main] INFO  org.quartz.core.QuartzScheduler - Quartz Scheduler v.2.3.1 created.
2020-11-06 20:17:50.636 [main] INFO  org.quartz.simpl.RAMJobStore - RAMJobStore initialized.
2020-11-06 20:17:50.636 [main] INFO  org.quartz.core.QuartzScheduler - Scheduler meta-data: Quartz Scheduler (v2.3.1) 'quartzScheduler' with instanceId 'NON_CLUSTERED'
  Scheduler class: 'org.quartz.core.QuartzScheduler' - running locally.
  NOT STARTED.
  Currently in standby mode.
  Number of jobs executed: 0
  Using thread pool 'org.quartz.simpl.SimpleThreadPool' - with 10 threads.
  Using job-store 'org.quartz.simpl.RAMJobStore' - which does not support persistence. and is not clustered.

2020-11-06 20:17:50.636 [main] INFO  org.quartz.impl.StdSchedulerFactory - Quartz scheduler 'quartzScheduler' initialized from an externally provided properties instance.
2020-11-06 20:17:50.636 [main] INFO  org.quartz.impl.StdSchedulerFactory - Quartz scheduler version: 2.3.1
2020-11-06 20:17:50.636 [main] INFO  org.quartz.core.QuartzScheduler - JobFactory set to: org.springframework.scheduling.quartz.SpringBeanJobFactory@5111de7c
2020-11-06 20:17:50.669 [main] INFO  o.s.b.actuate.endpoint.web.EndpointLinksResolver - Exposing 2 endpoint(s) beneath base path '/actuator'
2020-11-06 20:17:50.720 [main] INFO  o.s.scheduling.quartz.SchedulerFactoryBean - Starting Quartz Scheduler now
2020-11-06 20:17:50.720 [main] INFO  org.quartz.core.QuartzScheduler - Scheduler quartzScheduler_$_NON_CLUSTERED started.
2020-11-06 20:17:50.743 [main] INFO  org.apache.coyote.http11.Http11NioProtocol - Starting ProtocolHandler ["http-nio-8082"]
2020-11-06 20:17:50.768 [main] INFO  o.s.boot.web.embedded.tomcat.TomcatWebServer - Tomcat started on port(s): 8082 (http) with context path ''
2020-11-06 20:17:50.770 [main] INFO  com.lz.ht.CbootApplication - Started CbootApplication in 5.216 seconds (JVM running for 7.13)
2020-11-06 20:17:51.642 [RMI TCP Connection(3)-192.168.150.1] INFO  o.a.c.core.ContainerBase.[Tomcat].[localhost].[/] - Initializing Spring DispatcherServlet 'dispatcherServlet'
2020-11-06 20:17:51.642 [RMI TCP Connection(3)-192.168.150.1] INFO  org.springframework.web.servlet.DispatcherServlet - Initializing Servlet 'dispatcherServlet'
2020-11-06 20:17:51.650 [RMI TCP Connection(3)-192.168.150.1] INFO  org.springframework.web.servlet.DispatcherServlet - Completed initialization in 8 ms
2020-11-06 20:19:22.778 [http-nio-8082-exec-5] INFO  com.lz.ht.base.BaseController - /login
2020-11-06 20:19:22.778 [http-nio-8082-exec-5] INFO  com.lz.ht.base.BaseController - /login
2020-11-06 20:19:23.041 [http-nio-8082-exec-5] INFO  com.lz.ht.base.BaseController - /login
2020-11-06 20:19:23.043 [http-nio-8082-exec-5] INFO  com.lz.ht.base.BaseController - /login
2020-11-06 20:19:37.441 [http-nio-8082-exec-7] INFO  com.lz.ht.base.BaseController - /user/list
2020-11-06 20:19:37.447 [http-nio-8082-exec-7] INFO  com.lz.ht.base.BaseController - /user/list
2020-11-06 20:19:48.608 [http-nio-8082-exec-3] INFO  com.lz.ht.base.BaseController - /user/delete
2020-11-06 20:19:52.169 [http-nio-8082-exec-9] INFO  com.lz.ht.base.BaseController - /login
2020-11-06 20:19:52.169 [http-nio-8082-exec-9] INFO  com.lz.ht.base.BaseController - /login
2020-11-06 20:19:52.190 [http-nio-8082-exec-9] INFO  com.lz.ht.base.BaseController - /login
2020-11-06 20:19:52.190 [http-nio-8082-exec-9] INFO  com.lz.ht.base.BaseController - /login
2020-11-06 20:19:55.032 [http-nio-8082-exec-1] INFO  com.lz.ht.base.BaseController - /user/list
2020-11-06 20:19:55.033 [http-nio-8082-exec-1] INFO  com.lz.ht.base.BaseController - /user/list
2020-11-06 20:20:15.255 [http-nio-8082-exec-5] INFO  com.lz.ht.base.BaseController - /login
2020-11-06 20:20:15.255 [http-nio-8082-exec-5] INFO  com.lz.ht.base.BaseController - /login
2020-11-06 20:20:15.276 [http-nio-8082-exec-5] INFO  com.lz.ht.base.BaseController - /login
2020-11-06 20:20:15.276 [http-nio-8082-exec-5] INFO  com.lz.ht.base.BaseController - /login
2020-11-06 20:20:17.305 [http-nio-8082-exec-3] INFO  com.lz.ht.base.BaseController - /user/list
2020-11-06 20:20:17.306 [http-nio-8082-exec-3] INFO  com.lz.ht.base.BaseController - /user/list
2020-11-06 20:20:52.361 [http-nio-8082-exec-6] INFO  com.lz.ht.base.BaseController - /user/update
2020-11-06 20:20:52.365 [http-nio-8082-exec-6] INFO  com.lz.ht.base.BaseController - /user/update
2020-11-06 20:22:49.893 [http-nio-8082-exec-3] INFO  com.lz.ht.base.BaseController - /login
2020-11-06 20:22:49.893 [http-nio-8082-exec-3] INFO  com.lz.ht.base.BaseController - /login
2020-11-06 20:22:49.917 [http-nio-8082-exec-3] INFO  com.lz.ht.base.BaseController - /login
2020-11-06 20:22:49.917 [http-nio-8082-exec-3] INFO  com.lz.ht.base.BaseController - /login
2020-11-06 20:22:52.541 [http-nio-8082-exec-6] INFO  com.lz.ht.base.BaseController - /user/list
2020-11-06 20:22:52.542 [http-nio-8082-exec-6] INFO  com.lz.ht.base.BaseController - /user/list
