2020-04-11 16:59:34.980 [http-nio-10086-exec-8] ERROR com.lz.ht.base.exadvice.GlobalExceptionHandler - 异常开始：异常信息：
java.lang.NullPointerException: null
	at com.lz.ht.controller.OrgnewsController.updateInit(OrgnewsController.java:79)
	at sun.reflect.NativeMethodAccessorImpl.invoke0(Native Method)
	at sun.reflect.NativeMethodAccessorImpl.invoke(Unknown Source)
	at sun.reflect.DelegatingMethodAccessorImpl.invoke(Unknown Source)
	at java.lang.reflect.Method.invoke(Unknown Source)
	at org.springframework.web.method.support.InvocableHandlerMethod.doInvoke(InvocableHandlerMethod.java:190)
	at org.springframework.web.method.support.InvocableHandlerMethod.invokeForRequest(InvocableHandlerMethod.java:138)
	at org.springframework.web.servlet.mvc.method.annotation.ServletInvocableHandlerMethod.invokeAndHandle(ServletInvocableHandlerMethod.java:104)
	at org.springframework.web.servlet.mvc.method.annotation.RequestMappingHandlerAdapter.invokeHandlerMethod(RequestMappingHandlerAdapter.java:892)
	at org.springframework.web.servlet.mvc.method.annotation.RequestMappingHandlerAdapter.handleInternal(RequestMappingHandlerAdapter.java:797)
	at org.springframework.web.servlet.mvc.method.AbstractHandlerMethodAdapter.handle(AbstractHandlerMethodAdapter.java:87)
	at org.springframework.web.servlet.DispatcherServlet.doDispatch(DispatcherServlet.java:1039)
	at org.springframework.web.servlet.DispatcherServlet.doService(DispatcherServlet.java:942)
	at org.springframework.web.servlet.FrameworkServlet.processRequest(FrameworkServlet.java:1005)
	at org.springframework.web.servlet.FrameworkServlet.doGet(FrameworkServlet.java:897)
	at javax.servlet.http.HttpServlet.service(HttpServlet.java:634)
	at org.springframework.web.servlet.FrameworkServlet.service(FrameworkServlet.java:882)
	at javax.servlet.http.HttpServlet.service(HttpServlet.java:741)
	at org.apache.catalina.core.ApplicationFilterChain.internalDoFilter(ApplicationFilterChain.java:231)
	at org.apache.catalina.core.ApplicationFilterChain.doFilter(ApplicationFilterChain.java:166)
	at org.apache.tomcat.websocket.server.WsFilter.doFilter(WsFilter.java:53)
	at org.apache.catalina.core.ApplicationFilterChain.internalDoFilter(ApplicationFilterChain.java:193)
	at org.apache.catalina.core.ApplicationFilterChain.doFilter(ApplicationFilterChain.java:166)
	at org.apache.shiro.web.servlet.ProxiedFilterChain.doFilter(ProxiedFilterChain.java:61)
	at org.apache.shiro.web.servlet.AdviceFilter.executeChain(AdviceFilter.java:108)
	at org.apache.shiro.web.servlet.AdviceFilter.doFilterInternal(AdviceFilter.java:137)
	at org.apache.shiro.web.servlet.OncePerRequestFilter.doFilter(OncePerRequestFilter.java:125)
	at org.apache.shiro.web.servlet.ProxiedFilterChain.doFilter(ProxiedFilterChain.java:66)
	at org.apache.shiro.web.servlet.AbstractShiroFilter.executeChain(AbstractShiroFilter.java:449)
	at org.apache.shiro.web.servlet.AbstractShiroFilter$1.call(AbstractShiroFilter.java:365)
	at org.apache.shiro.subject.support.SubjectCallable.doCall(SubjectCallable.java:90)
	at org.apache.shiro.subject.support.SubjectCallable.call(SubjectCallable.java:83)
	at org.apache.shiro.subject.support.DelegatingSubject.execute(DelegatingSubject.java:387)
	at org.apache.shiro.web.servlet.AbstractShiroFilter.doFilterInternal(AbstractShiroFilter.java:362)
	at org.apache.shiro.web.servlet.OncePerRequestFilter.doFilter(OncePerRequestFilter.java:125)
	at org.apache.catalina.core.ApplicationFilterChain.internalDoFilter(ApplicationFilterChain.java:193)
	at org.apache.catalina.core.ApplicationFilterChain.doFilter(ApplicationFilterChain.java:166)
	at com.alibaba.druid.support.http.WebStatFilter.doFilter(WebStatFilter.java:123)
	at org.apache.catalina.core.ApplicationFilterChain.internalDoFilter(ApplicationFilterChain.java:193)
	at org.apache.catalina.core.ApplicationFilterChain.doFilter(ApplicationFilterChain.java:166)
	at org.springframework.boot.actuate.web.trace.servlet.HttpTraceFilter.doFilterInternal(HttpTraceFilter.java:88)
	at org.springframework.web.filter.OncePerRequestFilter.doFilter(OncePerRequestFilter.java:118)
	at org.apache.catalina.core.ApplicationFilterChain.internalDoFilter(ApplicationFilterChain.java:193)
	at org.apache.catalina.core.ApplicationFilterChain.doFilter(ApplicationFilterChain.java:166)
	at org.springframework.web.filter.RequestContextFilter.doFilterInternal(RequestContextFilter.java:99)
	at org.springframework.web.filter.OncePerRequestFilter.doFilter(OncePerRequestFilter.java:118)
	at org.apache.catalina.core.ApplicationFilterChain.internalDoFilter(ApplicationFilterChain.java:193)
	at org.apache.catalina.core.ApplicationFilterChain.doFilter(ApplicationFilterChain.java:166)
	at org.springframework.web.filter.FormContentFilter.doFilterInternal(FormContentFilter.java:92)
	at org.springframework.web.filter.OncePerRequestFilter.doFilter(OncePerRequestFilter.java:118)
	at org.apache.catalina.core.ApplicationFilterChain.internalDoFilter(ApplicationFilterChain.java:193)
	at org.apache.catalina.core.ApplicationFilterChain.doFilter(ApplicationFilterChain.java:166)
	at org.springframework.web.filter.HiddenHttpMethodFilter.doFilterInternal(HiddenHttpMethodFilter.java:93)
	at org.springframework.web.filter.OncePerRequestFilter.doFilter(OncePerRequestFilter.java:118)
	at org.apache.catalina.core.ApplicationFilterChain.internalDoFilter(ApplicationFilterChain.java:193)
	at org.apache.catalina.core.ApplicationFilterChain.doFilter(ApplicationFilterChain.java:166)
	at org.springframework.boot.actuate.metrics.web.servlet.WebMvcMetricsFilter.filterAndRecordMetrics(WebMvcMetricsFilter.java:114)
	at org.springframework.boot.actuate.metrics.web.servlet.WebMvcMetricsFilter.doFilterInternal(WebMvcMetricsFilter.java:104)
	at org.springframework.web.filter.OncePerRequestFilter.doFilter(OncePerRequestFilter.java:118)
	at org.apache.catalina.core.ApplicationFilterChain.internalDoFilter(ApplicationFilterChain.java:193)
	at org.apache.catalina.core.ApplicationFilterChain.doFilter(ApplicationFilterChain.java:166)
	at org.springframework.web.filter.CharacterEncodingFilter.doFilterInternal(CharacterEncodingFilter.java:200)
	at org.springframework.web.filter.OncePerRequestFilter.doFilter(OncePerRequestFilter.java:118)
	at org.apache.catalina.core.ApplicationFilterChain.internalDoFilter(ApplicationFilterChain.java:193)
	at org.apache.catalina.core.ApplicationFilterChain.doFilter(ApplicationFilterChain.java:166)
	at org.apache.catalina.core.StandardWrapperValve.invoke(StandardWrapperValve.java:202)
	at org.apache.catalina.core.StandardContextValve.invoke(StandardContextValve.java:96)
	at org.apache.catalina.authenticator.AuthenticatorBase.invoke(AuthenticatorBase.java:490)
	at org.apache.catalina.core.StandardHostValve.invoke(StandardHostValve.java:139)
	at org.apache.catalina.valves.ErrorReportValve.invoke(ErrorReportValve.java:92)
	at org.apache.catalina.core.StandardEngineValve.invoke(StandardEngineValve.java:74)
	at org.apache.catalina.connector.CoyoteAdapter.service(CoyoteAdapter.java:343)
	at org.apache.coyote.http11.Http11Processor.service(Http11Processor.java:408)
	at org.apache.coyote.AbstractProcessorLight.process(AbstractProcessorLight.java:66)
	at org.apache.coyote.AbstractProtocol$ConnectionHandler.process(AbstractProtocol.java:853)
	at org.apache.tomcat.util.net.NioEndpoint$SocketProcessor.doRun(NioEndpoint.java:1587)
	at org.apache.tomcat.util.net.SocketProcessorBase.run(SocketProcessorBase.java:49)
	at java.util.concurrent.ThreadPoolExecutor.runWorker(Unknown Source)
	at java.util.concurrent.ThreadPoolExecutor$Worker.run(Unknown Source)
	at org.apache.tomcat.util.threads.TaskThread$WrappingRunnable.run(TaskThread.java:61)
	at java.lang.Thread.run(Unknown Source)
2020-04-11 16:59:34.983 [http-nio-10086-exec-8] ERROR com.lz.ht.base.exadvice.GlobalExceptionHandler - 请求地址：http://localhost:10086/orgnews/update
2020-04-11 16:59:34.983 [http-nio-10086-exec-8] ERROR com.lz.ht.base.exadvice.GlobalExceptionHandler - 请求参数：
2020-04-11 16:59:34.983 [http-nio-10086-exec-8] ERROR com.lz.ht.base.exadvice.GlobalExceptionHandler - newsType---0
2020-04-11 16:59:34.984 [http-nio-10086-exec-8] ERROR com.lz.ht.base.exadvice.GlobalExceptionHandler - com.lz.ht.controller.OrgnewsController.updateInit(OrgnewsController.java:79)
2020-04-11 16:59:34.984 [http-nio-10086-exec-8] ERROR com.lz.ht.base.exadvice.GlobalExceptionHandler - sun.reflect.NativeMethodAccessorImpl.invoke0(Native Method)
2020-04-11 16:59:34.984 [http-nio-10086-exec-8] ERROR com.lz.ht.base.exadvice.GlobalExceptionHandler - sun.reflect.NativeMethodAccessorImpl.invoke(Unknown Source)
2020-04-11 16:59:34.984 [http-nio-10086-exec-8] ERROR com.lz.ht.base.exadvice.GlobalExceptionHandler - sun.reflect.DelegatingMethodAccessorImpl.invoke(Unknown Source)
2020-04-11 16:59:34.984 [http-nio-10086-exec-8] ERROR com.lz.ht.base.exadvice.GlobalExceptionHandler - java.lang.reflect.Method.invoke(Unknown Source)
2020-04-11 16:59:34.984 [http-nio-10086-exec-8] ERROR com.lz.ht.base.exadvice.GlobalExceptionHandler - org.springframework.web.method.support.InvocableHandlerMethod.doInvoke(InvocableHandlerMethod.java:190)
2020-04-11 16:59:34.985 [http-nio-10086-exec-8] ERROR com.lz.ht.base.exadvice.GlobalExceptionHandler - org.springframework.web.method.support.InvocableHandlerMethod.invokeForRequest(InvocableHandlerMethod.java:138)
2020-04-11 16:59:34.985 [http-nio-10086-exec-8] ERROR com.lz.ht.base.exadvice.GlobalExceptionHandler - org.springframework.web.servlet.mvc.method.annotation.ServletInvocableHandlerMethod.invokeAndHandle(ServletInvocableHandlerMethod.java:104)
2020-04-11 16:59:34.985 [http-nio-10086-exec-8] ERROR com.lz.ht.base.exadvice.GlobalExceptionHandler - org.springframework.web.servlet.mvc.method.annotation.RequestMappingHandlerAdapter.invokeHandlerMethod(RequestMappingHandlerAdapter.java:892)
2020-04-11 16:59:34.985 [http-nio-10086-exec-8] ERROR com.lz.ht.base.exadvice.GlobalExceptionHandler - org.springframework.web.servlet.mvc.method.annotation.RequestMappingHandlerAdapter.handleInternal(RequestMappingHandlerAdapter.java:797)
2020-04-11 16:59:34.985 [http-nio-10086-exec-8] ERROR com.lz.ht.base.exadvice.GlobalExceptionHandler - org.springframework.web.servlet.mvc.method.AbstractHandlerMethodAdapter.handle(AbstractHandlerMethodAdapter.java:87)
2020-04-11 16:59:34.985 [http-nio-10086-exec-8] ERROR com.lz.ht.base.exadvice.GlobalExceptionHandler - org.springframework.web.servlet.DispatcherServlet.doDispatch(DispatcherServlet.java:1039)
2020-04-11 16:59:34.985 [http-nio-10086-exec-8] ERROR com.lz.ht.base.exadvice.GlobalExceptionHandler - org.springframework.web.servlet.DispatcherServlet.doService(DispatcherServlet.java:942)
2020-04-11 16:59:34.985 [http-nio-10086-exec-8] ERROR com.lz.ht.base.exadvice.GlobalExceptionHandler - org.springframework.web.servlet.FrameworkServlet.processRequest(FrameworkServlet.java:1005)
2020-04-11 16:59:34.985 [http-nio-10086-exec-8] ERROR com.lz.ht.base.exadvice.GlobalExceptionHandler - org.springframework.web.servlet.FrameworkServlet.doGet(FrameworkServlet.java:897)
2020-04-11 16:59:34.985 [http-nio-10086-exec-8] ERROR com.lz.ht.base.exadvice.GlobalExceptionHandler - javax.servlet.http.HttpServlet.service(HttpServlet.java:634)
2020-04-11 16:59:34.985 [http-nio-10086-exec-8] ERROR com.lz.ht.base.exadvice.GlobalExceptionHandler - org.springframework.web.servlet.FrameworkServlet.service(FrameworkServlet.java:882)
2020-04-11 16:59:34.985 [http-nio-10086-exec-8] ERROR com.lz.ht.base.exadvice.GlobalExceptionHandler - javax.servlet.http.HttpServlet.service(HttpServlet.java:741)
2020-04-11 16:59:34.985 [http-nio-10086-exec-8] ERROR com.lz.ht.base.exadvice.GlobalExceptionHandler - org.apache.catalina.core.ApplicationFilterChain.internalDoFilter(ApplicationFilterChain.java:231)
2020-04-11 16:59:34.985 [http-nio-10086-exec-8] ERROR com.lz.ht.base.exadvice.GlobalExceptionHandler - org.apache.catalina.core.ApplicationFilterChain.doFilter(ApplicationFilterChain.java:166)
2020-04-11 16:59:34.985 [http-nio-10086-exec-8] ERROR com.lz.ht.base.exadvice.GlobalExceptionHandler - org.apache.tomcat.websocket.server.WsFilter.doFilter(WsFilter.java:53)
2020-04-11 16:59:34.985 [http-nio-10086-exec-8] ERROR com.lz.ht.base.exadvice.GlobalExceptionHandler - org.apache.catalina.core.ApplicationFilterChain.internalDoFilter(ApplicationFilterChain.java:193)
2020-04-11 16:59:34.985 [http-nio-10086-exec-8] ERROR com.lz.ht.base.exadvice.GlobalExceptionHandler - org.apache.catalina.core.ApplicationFilterChain.doFilter(ApplicationFilterChain.java:166)
2020-04-11 16:59:34.985 [http-nio-10086-exec-8] ERROR com.lz.ht.base.exadvice.GlobalExceptionHandler - org.apache.shiro.web.servlet.ProxiedFilterChain.doFilter(ProxiedFilterChain.java:61)
2020-04-11 16:59:34.985 [http-nio-10086-exec-8] ERROR com.lz.ht.base.exadvice.GlobalExceptionHandler - org.apache.shiro.web.servlet.AdviceFilter.executeChain(AdviceFilter.java:108)
2020-04-11 16:59:34.985 [http-nio-10086-exec-8] ERROR com.lz.ht.base.exadvice.GlobalExceptionHandler - org.apache.shiro.web.servlet.AdviceFilter.doFilterInternal(AdviceFilter.java:137)
2020-04-11 16:59:34.985 [http-nio-10086-exec-8] ERROR com.lz.ht.base.exadvice.GlobalExceptionHandler - org.apache.shiro.web.servlet.OncePerRequestFilter.doFilter(OncePerRequestFilter.java:125)
2020-04-11 16:59:34.985 [http-nio-10086-exec-8] ERROR com.lz.ht.base.exadvice.GlobalExceptionHandler - org.apache.shiro.web.servlet.ProxiedFilterChain.doFilter(ProxiedFilterChain.java:66)
2020-04-11 16:59:34.986 [http-nio-10086-exec-8] ERROR com.lz.ht.base.exadvice.GlobalExceptionHandler - org.apache.shiro.web.servlet.AbstractShiroFilter.executeChain(AbstractShiroFilter.java:449)
2020-04-11 16:59:34.986 [http-nio-10086-exec-8] ERROR com.lz.ht.base.exadvice.GlobalExceptionHandler - org.apache.shiro.web.servlet.AbstractShiroFilter$1.call(AbstractShiroFilter.java:365)
2020-04-11 16:59:34.986 [http-nio-10086-exec-8] ERROR com.lz.ht.base.exadvice.GlobalExceptionHandler - org.apache.shiro.subject.support.SubjectCallable.doCall(SubjectCallable.java:90)
2020-04-11 16:59:34.986 [http-nio-10086-exec-8] ERROR com.lz.ht.base.exadvice.GlobalExceptionHandler - org.apache.shiro.subject.support.SubjectCallable.call(SubjectCallable.java:83)
2020-04-11 16:59:34.986 [http-nio-10086-exec-8] ERROR com.lz.ht.base.exadvice.GlobalExceptionHandler - org.apache.shiro.subject.support.DelegatingSubject.execute(DelegatingSubject.java:387)
2020-04-11 16:59:34.986 [http-nio-10086-exec-8] ERROR com.lz.ht.base.exadvice.GlobalExceptionHandler - org.apache.shiro.web.servlet.AbstractShiroFilter.doFilterInternal(AbstractShiroFilter.java:362)
2020-04-11 16:59:34.986 [http-nio-10086-exec-8] ERROR com.lz.ht.base.exadvice.GlobalExceptionHandler - org.apache.shiro.web.servlet.OncePerRequestFilter.doFilter(OncePerRequestFilter.java:125)
2020-04-11 16:59:34.986 [http-nio-10086-exec-8] ERROR com.lz.ht.base.exadvice.GlobalExceptionHandler - org.apache.catalina.core.ApplicationFilterChain.internalDoFilter(ApplicationFilterChain.java:193)
2020-04-11 16:59:34.986 [http-nio-10086-exec-8] ERROR com.lz.ht.base.exadvice.GlobalExceptionHandler - org.apache.catalina.core.ApplicationFilterChain.doFilter(ApplicationFilterChain.java:166)
2020-04-11 16:59:34.986 [http-nio-10086-exec-8] ERROR com.lz.ht.base.exadvice.GlobalExceptionHandler - com.alibaba.druid.support.http.WebStatFilter.doFilter(WebStatFilter.java:123)
2020-04-11 16:59:34.986 [http-nio-10086-exec-8] ERROR com.lz.ht.base.exadvice.GlobalExceptionHandler - org.apache.catalina.core.ApplicationFilterChain.internalDoFilter(ApplicationFilterChain.java:193)
2020-04-11 16:59:34.986 [http-nio-10086-exec-8] ERROR com.lz.ht.base.exadvice.GlobalExceptionHandler - org.apache.catalina.core.ApplicationFilterChain.doFilter(ApplicationFilterChain.java:166)
2020-04-11 16:59:34.986 [http-nio-10086-exec-8] ERROR com.lz.ht.base.exadvice.GlobalExceptionHandler - org.springframework.boot.actuate.web.trace.servlet.HttpTraceFilter.doFilterInternal(HttpTraceFilter.java:88)
2020-04-11 16:59:34.986 [http-nio-10086-exec-8] ERROR com.lz.ht.base.exadvice.GlobalExceptionHandler - org.springframework.web.filter.OncePerRequestFilter.doFilter(OncePerRequestFilter.java:118)
2020-04-11 16:59:34.986 [http-nio-10086-exec-8] ERROR com.lz.ht.base.exadvice.GlobalExceptionHandler - org.apache.catalina.core.ApplicationFilterChain.internalDoFilter(ApplicationFilterChain.java:193)
2020-04-11 16:59:34.986 [http-nio-10086-exec-8] ERROR com.lz.ht.base.exadvice.GlobalExceptionHandler - org.apache.catalina.core.ApplicationFilterChain.doFilter(ApplicationFilterChain.java:166)
2020-04-11 16:59:34.986 [http-nio-10086-exec-8] ERROR com.lz.ht.base.exadvice.GlobalExceptionHandler - org.springframework.web.filter.RequestContextFilter.doFilterInternal(RequestContextFilter.java:99)
2020-04-11 16:59:34.986 [http-nio-10086-exec-8] ERROR com.lz.ht.base.exadvice.GlobalExceptionHandler - org.springframework.web.filter.OncePerRequestFilter.doFilter(OncePerRequestFilter.java:118)
2020-04-11 16:59:34.986 [http-nio-10086-exec-8] ERROR com.lz.ht.base.exadvice.GlobalExceptionHandler - org.apache.catalina.core.ApplicationFilterChain.internalDoFilter(ApplicationFilterChain.java:193)
2020-04-11 16:59:34.986 [http-nio-10086-exec-8] ERROR com.lz.ht.base.exadvice.GlobalExceptionHandler - org.apache.catalina.core.ApplicationFilterChain.doFilter(ApplicationFilterChain.java:166)
2020-04-11 16:59:34.986 [http-nio-10086-exec-8] ERROR com.lz.ht.base.exadvice.GlobalExceptionHandler - org.springframework.web.filter.FormContentFilter.doFilterInternal(FormContentFilter.java:92)
2020-04-11 16:59:34.986 [http-nio-10086-exec-8] ERROR com.lz.ht.base.exadvice.GlobalExceptionHandler - org.springframework.web.filter.OncePerRequestFilter.doFilter(OncePerRequestFilter.java:118)
2020-04-11 16:59:34.986 [http-nio-10086-exec-8] ERROR com.lz.ht.base.exadvice.GlobalExceptionHandler - org.apache.catalina.core.ApplicationFilterChain.internalDoFilter(ApplicationFilterChain.java:193)
2020-04-11 16:59:34.986 [http-nio-10086-exec-8] ERROR com.lz.ht.base.exadvice.GlobalExceptionHandler - org.apache.catalina.core.ApplicationFilterChain.doFilter(ApplicationFilterChain.java:166)
2020-04-11 16:59:34.987 [http-nio-10086-exec-8] ERROR com.lz.ht.base.exadvice.GlobalExceptionHandler - org.springframework.web.filter.HiddenHttpMethodFilter.doFilterInternal(HiddenHttpMethodFilter.java:93)
2020-04-11 16:59:34.987 [http-nio-10086-exec-8] ERROR com.lz.ht.base.exadvice.GlobalExceptionHandler - org.springframework.web.filter.OncePerRequestFilter.doFilter(OncePerRequestFilter.java:118)
2020-04-11 16:59:34.987 [http-nio-10086-exec-8] ERROR com.lz.ht.base.exadvice.GlobalExceptionHandler - org.apache.catalina.core.ApplicationFilterChain.internalDoFilter(ApplicationFilterChain.java:193)
2020-04-11 16:59:34.987 [http-nio-10086-exec-8] ERROR com.lz.ht.base.exadvice.GlobalExceptionHandler - org.apache.catalina.core.ApplicationFilterChain.doFilter(ApplicationFilterChain.java:166)
2020-04-11 16:59:34.987 [http-nio-10086-exec-8] ERROR com.lz.ht.base.exadvice.GlobalExceptionHandler - org.springframework.boot.actuate.metrics.web.servlet.WebMvcMetricsFilter.filterAndRecordMetrics(WebMvcMetricsFilter.java:114)
2020-04-11 16:59:34.987 [http-nio-10086-exec-8] ERROR com.lz.ht.base.exadvice.GlobalExceptionHandler - org.springframework.boot.actuate.metrics.web.servlet.WebMvcMetricsFilter.doFilterInternal(WebMvcMetricsFilter.java:104)
2020-04-11 16:59:34.987 [http-nio-10086-exec-8] ERROR com.lz.ht.base.exadvice.GlobalExceptionHandler - org.springframework.web.filter.OncePerRequestFilter.doFilter(OncePerRequestFilter.java:118)
2020-04-11 16:59:34.987 [http-nio-10086-exec-8] ERROR com.lz.ht.base.exadvice.GlobalExceptionHandler - org.apache.catalina.core.ApplicationFilterChain.internalDoFilter(ApplicationFilterChain.java:193)
2020-04-11 16:59:34.987 [http-nio-10086-exec-8] ERROR com.lz.ht.base.exadvice.GlobalExceptionHandler - org.apache.catalina.core.ApplicationFilterChain.doFilter(ApplicationFilterChain.java:166)
2020-04-11 16:59:34.987 [http-nio-10086-exec-8] ERROR com.lz.ht.base.exadvice.GlobalExceptionHandler - org.springframework.web.filter.CharacterEncodingFilter.doFilterInternal(CharacterEncodingFilter.java:200)
2020-04-11 16:59:34.987 [http-nio-10086-exec-8] ERROR com.lz.ht.base.exadvice.GlobalExceptionHandler - org.springframework.web.filter.OncePerRequestFilter.doFilter(OncePerRequestFilter.java:118)
2020-04-11 16:59:34.987 [http-nio-10086-exec-8] ERROR com.lz.ht.base.exadvice.GlobalExceptionHandler - org.apache.catalina.core.ApplicationFilterChain.internalDoFilter(ApplicationFilterChain.java:193)
2020-04-11 16:59:34.987 [http-nio-10086-exec-8] ERROR com.lz.ht.base.exadvice.GlobalExceptionHandler - org.apache.catalina.core.ApplicationFilterChain.doFilter(ApplicationFilterChain.java:166)
2020-04-11 16:59:34.987 [http-nio-10086-exec-8] ERROR com.lz.ht.base.exadvice.GlobalExceptionHandler - org.apache.catalina.core.StandardWrapperValve.invoke(StandardWrapperValve.java:202)
2020-04-11 16:59:34.987 [http-nio-10086-exec-8] ERROR com.lz.ht.base.exadvice.GlobalExceptionHandler - org.apache.catalina.core.StandardContextValve.invoke(StandardContextValve.java:96)
2020-04-11 16:59:34.987 [http-nio-10086-exec-8] ERROR com.lz.ht.base.exadvice.GlobalExceptionHandler - org.apache.catalina.authenticator.AuthenticatorBase.invoke(AuthenticatorBase.java:490)
2020-04-11 16:59:34.987 [http-nio-10086-exec-8] ERROR com.lz.ht.base.exadvice.GlobalExceptionHandler - org.apache.catalina.core.StandardHostValve.invoke(StandardHostValve.java:139)
2020-04-11 16:59:34.987 [http-nio-10086-exec-8] ERROR com.lz.ht.base.exadvice.GlobalExceptionHandler - org.apache.catalina.valves.ErrorReportValve.invoke(ErrorReportValve.java:92)
2020-04-11 16:59:34.987 [http-nio-10086-exec-8] ERROR com.lz.ht.base.exadvice.GlobalExceptionHandler - org.apache.catalina.core.StandardEngineValve.invoke(StandardEngineValve.java:74)
2020-04-11 16:59:34.987 [http-nio-10086-exec-8] ERROR com.lz.ht.base.exadvice.GlobalExceptionHandler - org.apache.catalina.connector.CoyoteAdapter.service(CoyoteAdapter.java:343)
2020-04-11 16:59:34.987 [http-nio-10086-exec-8] ERROR com.lz.ht.base.exadvice.GlobalExceptionHandler - org.apache.coyote.http11.Http11Processor.service(Http11Processor.java:408)
2020-04-11 16:59:34.987 [http-nio-10086-exec-8] ERROR com.lz.ht.base.exadvice.GlobalExceptionHandler - org.apache.coyote.AbstractProcessorLight.process(AbstractProcessorLight.java:66)
2020-04-11 16:59:34.987 [http-nio-10086-exec-8] ERROR com.lz.ht.base.exadvice.GlobalExceptionHandler - org.apache.coyote.AbstractProtocol$ConnectionHandler.process(AbstractProtocol.java:853)
2020-04-11 16:59:34.987 [http-nio-10086-exec-8] ERROR com.lz.ht.base.exadvice.GlobalExceptionHandler - org.apache.tomcat.util.net.NioEndpoint$SocketProcessor.doRun(NioEndpoint.java:1587)
2020-04-11 16:59:34.987 [http-nio-10086-exec-8] ERROR com.lz.ht.base.exadvice.GlobalExceptionHandler - org.apache.tomcat.util.net.SocketProcessorBase.run(SocketProcessorBase.java:49)
2020-04-11 16:59:34.987 [http-nio-10086-exec-8] ERROR com.lz.ht.base.exadvice.GlobalExceptionHandler - java.util.concurrent.ThreadPoolExecutor.runWorker(Unknown Source)
2020-04-11 16:59:34.987 [http-nio-10086-exec-8] ERROR com.lz.ht.base.exadvice.GlobalExceptionHandler - java.util.concurrent.ThreadPoolExecutor$Worker.run(Unknown Source)
2020-04-11 16:59:34.987 [http-nio-10086-exec-8] ERROR com.lz.ht.base.exadvice.GlobalExceptionHandler - org.apache.tomcat.util.threads.TaskThread$WrappingRunnable.run(TaskThread.java:61)
2020-04-11 16:59:34.987 [http-nio-10086-exec-8] ERROR com.lz.ht.base.exadvice.GlobalExceptionHandler - java.lang.Thread.run(Unknown Source)
2020-04-11 16:59:34.987 [http-nio-10086-exec-8] ERROR com.lz.ht.base.exadvice.GlobalExceptionHandler - 异常结束
